+ exec gosu vibecode scripts/studio
Starting in development mode...
Installing dependencies...
[0.04ms] ".env"
bun install v1.2.19 (aad3abea)

Checked 69 installs across 70 packages (no changes) [8.00ms]
No prisma/schema.prisma found. Studio requires a Prisma schema.
+ exec gosu vibecode scripts/studio
Starting in development mode...
Installing dependencies...
[0.04ms] ".env"
bun install v1.2.19 (aad3abea)

Checked 69 installs across 70 packages (no changes) [4.00ms]
No prisma/schema.prisma found. Studio requires a Prisma schema.
+ exec gosu vibecode scripts/studio
Starting in development mode...
Installing dependencies...
[0.04ms] ".env"
bun install v1.2.19 (aad3abea)

Checked 69 installs across 70 packages (no changes) [7.00ms]
No prisma/schema.prisma found. Studio requires a Prisma schema.
+ exec gosu vibecode scripts/studio
Starting in development mode...
Installing dependencies...
[0.04ms] ".env"
bun install v1.2.19 (aad3abea)

Checked 69 installs across 70 packages (no changes) [3.00ms]
No prisma/schema.prisma found. Studio requires a Prisma schema.
+ exec gosu vibecode scripts/studio
Starting in development mode...
Installing dependencies...
[0.04ms] ".env"
bun install v1.2.19 (aad3abea)

Checked 69 installs across 70 packages (no changes) [4.00ms]
No prisma/schema.prisma found. Studio requires a Prisma schema.
+ exec gosu vibecode scripts/studio
Starting in development mode...
Installing dependencies...
[0.04ms] ".env"
bun install v1.2.19 (aad3abea)

Checked 69 installs across 70 packages (no changes) [4.00ms]
No prisma/schema.prisma found. Studio requires a Prisma schema.
+ exec gosu vibecode scripts/studio
Starting in development mode...
Installing dependencies...
[0.06ms] ".env"
bun install v1.2.19 (aad3abea)

Checked 69 installs across 70 packages (no changes) [4.00ms]
No prisma/schema.prisma found. Studio requires a Prisma schema.
+ exec gosu vibecode scripts/studio
Starting in development mode...
Installing dependencies...
[0.04ms] ".env"
bun install v1.2.19 (aad3abea)

Checked 69 installs across 70 packages (no changes) [4.00ms]
No prisma/schema.prisma found. Studio requires a Prisma schema.
+ exec gosu vibecode scripts/studio
Starting in development mode...
Installing dependencies...
[0.04ms] ".env"
bun install v1.2.19 (aad3abea)

Checked 69 installs across 70 packages (no changes) [4.00ms]
No prisma/schema.prisma found. Studio requires a Prisma schema.
+ exec gosu vibecode scripts/studio
Starting in development mode...
Installing dependencies...
[0.08ms] ".env"
bun install v1.2.19 (aad3abea)

Checked 69 installs across 70 packages (no changes) [4.00ms]
No prisma/schema.prisma found. Studio requires a Prisma schema.
+ exec gosu vibecode scripts/studio
Starting in development mode...
Installing dependencies...
[0.04ms] ".env"
bun install v1.2.19 (aad3abea)

Checked 69 installs across 70 packages (no changes) [4.00ms]
No prisma/schema.prisma found. Studio requires a Prisma schema.
+ exec gosu vibecode scripts/studio
Starting in development mode...
Installing dependencies...
[0.04ms] ".env"
bun install v1.2.19 (aad3abea)

Checked 69 installs across 70 packages (no changes) [4.00ms]
No prisma/schema.prisma found. Studio requires a Prisma schema.
+ exec gosu vibecode scripts/studio
Starting in development mode...
Installing dependencies...
[0.03ms] ".env"
bun install v1.2.19 (aad3abea)

Checked 69 installs across 70 packages (no changes) [4.00ms]
No prisma/schema.prisma found. Studio requires a Prisma schema.
